The system is: Linux - 4.1.2-200.fc22.x86_64 - x86_64
Compiling the C compiler identification source file "CMakeCCompilerId.c" succeeded.
Compiler: /usr/bin/cc 
Build flags: 
Id flags: 

The output was:
0


Compilation of the C compiler identification source "CMakeCCompilerId.c" produced "a.out"

The C compiler identification is GNU, found in "/home/stephanie/W&M/Fall 2015/CSCI 420/SumoSlammers/Sumo-Slammers/CMakeFiles/3.2.2/CompilerIdC/a.out"

Compiling the CXX compiler identification source file "CMakeCXXCompilerId.cpp" succeeded.
Compiler: /usr/bin/c++ 
Build flags: 
Id flags: 

The output was:
0


Compilation of the CXX compiler identification source "CMakeCXXCompilerId.cpp" produced "a.out"

The CXX compiler identification is GNU, found in "/home/stephanie/W&M/Fall 2015/CSCI 420/SumoSlammers/Sumo-Slammers/CMakeFiles/3.2.2/CompilerIdCXX/a.out"

Determining if the C compiler works passed with the following output:
Change Dir: /home/stephanie/W&M/Fall 2015/CSCI 420/SumoSlammers/Sumo-Slammers/CMakeFiles/CMakeTmp

Run Build Command:"/usr/bin/gmake" "cmTryCompileExec4178884097/fast"
/usr/bin/gmake -f CMakeFiles/cmTryCompileExec4178884097.dir/build.make CMakeFiles/cmTryCompileExec4178884097.dir/build
gmake[1]: Entering directory '/home/stephanie/W&M/Fall 2015/CSCI 420/SumoSlammers/Sumo-Slammers/CMakeFiles/CMakeTmp'
/usr/bin/cmake -E cmake_progress_report "/home/stephanie/W&M/Fall 2015/CSCI 420/SumoSlammers/Sumo-Slammers/CMakeFiles/CMakeTmp/CMakeFiles" 1
Building C object CMakeFiles/cmTryCompileExec4178884097.dir/testCCompiler.c.o
/usr/bin/cc    -o CMakeFiles/cmTryCompileExec4178884097.dir/testCCompiler.c.o   -c "/home/stephanie/W&M/Fall 2015/CSCI 420/SumoSlammers/Sumo-Slammers/CMakeFiles/CMakeTmp/testCCompiler.c"
Linking C executable cmTryCompileExec4178884097
/usr/bin/cmake -E cmake_link_script CMakeFiles/cmTryCompileExec4178884097.dir/link.txt --verbose=1
/usr/bin/cc       CMakeFiles/cmTryCompileExec4178884097.dir/testCCompiler.c.o  -o cmTryCompileExec4178884097 -rdynamic 
gmake[1]: Leaving directory '/home/stephanie/W&M/Fall 2015/CSCI 420/SumoSlammers/Sumo-Slammers/CMakeFiles/CMakeTmp'


Detecting C compiler ABI info compiled with the following output:
Change Dir: /home/stephanie/W&M/Fall 2015/CSCI 420/SumoSlammers/Sumo-Slammers/CMakeFiles/CMakeTmp

Run Build Command:"/usr/bin/gmake" "cmTryCompileExec1670418316/fast"
/usr/bin/gmake -f CMakeFiles/cmTryCompileExec1670418316.dir/build.make CMakeFiles/cmTryCompileExec1670418316.dir/build
gmake[1]: Entering directory '/home/stephanie/W&M/Fall 2015/CSCI 420/SumoSlammers/Sumo-Slammers/CMakeFiles/CMakeTmp'
/usr/bin/cmake -E cmake_progress_report "/home/stephanie/W&M/Fall 2015/CSCI 420/SumoSlammers/Sumo-Slammers/CMakeFiles/CMakeTmp/CMakeFiles" 1
Building C object CMakeFiles/cmTryCompileExec1670418316.dir/CMakeCCompilerABI.c.o
/usr/bin/cc    -o CMakeFiles/cmTryCompileExec1670418316.dir/CMakeCCompilerABI.c.o   -c /usr/share/cmake/Modules/CMakeCCompilerABI.c
Linking C executable cmTryCompileExec1670418316
/usr/bin/cmake -E cmake_link_script CMakeFiles/cmTryCompileExec1670418316.dir/link.txt --verbose=1
/usr/bin/cc      -v CMakeFiles/cmTryCompileExec1670418316.dir/CMakeCCompilerABI.c.o  -o cmTryCompileExec1670418316 -rdynamic  
Using built-in specs.
COLLECT_GCC=/usr/bin/cc
COLLECT_LTO_WRAPPER=/usr/libexec/gcc/x86_64-redhat-linux/5.1.1/lto-wrapper
Target: x86_64-redhat-linux
Configured with: ../configure --enable-bootstrap --enable-languages=c,c++,objc,obj-c++,fortran,ada,go,lto --prefix=/usr --mandir=/usr/share/man --infodir=/usr/share/info --with-bugurl=http://bugzilla.redhat.com/bugzilla --enable-shared --enable-threads=posix --enable-checking=release --enable-multilib --with-system-zlib --enable-__cxa_atexit --disable-libunwind-exceptions --enable-gnu-unique-object --enable-linker-build-id --with-linker-hash-style=gnu --enable-plugin --enable-initfini-array --disable-libgcj --with-default-libstdcxx-abi=c++98 --with-isl --enable-libmpx --enable-gnu-indirect-function --with-tune=generic --with-arch_32=i686 --build=x86_64-redhat-linux
Thread model: posix
gcc version 5.1.1 20150618 (Red Hat 5.1.1-4) (GCC) 
COMPILER_PATH=/usr/libexec/gcc/x86_64-redhat-linux/5.1.1/:/usr/libexec/gcc/x86_64-redhat-linux/5.1.1/:/usr/libexec/gcc/x86_64-redhat-linux/:/usr/lib/gcc/x86_64-redhat-linux/5.1.1/:/usr/lib/gcc/x86_64-redhat-linux/
LIBRARY_PATH=/usr/lib/gcc/x86_64-redhat-linux/5.1.1/:/usr/lib/gcc/x86_64-redhat-linux/5.1.1/../../../../lib64/:/lib/../lib64/:/usr/lib/../lib64/:/usr/lib/gcc/x86_64-redhat-linux/5.1.1/../../../:/lib/:/usr/lib/
COLLECT_GCC_OPTIONS='-v' '-o' 'cmTryCompileExec1670418316' '-rdynamic' '-mtune=generic' '-march=x86-64'
 /usr/libexec/gcc/x86_64-redhat-linux/5.1.1/collect2 -plugin /usr/libexec/gcc/x86_64-redhat-linux/5.1.1/liblto_plugin.so -plugin-opt=/usr/libexec/gcc/x86_64-redhat-linux/5.1.1/lto-wrapper -plugin-opt=-fresolution=/tmp/ccK9zzvd.res -plugin-opt=-pass-through=-lgcc -plugin-opt=-pass-through=-lgcc_s -plugin-opt=-pass-through=-lc -plugin-opt=-pass-through=-lgcc -plugin-opt=-pass-through=-lgcc_s --build-id --no-add-needed --eh-frame-hdr --hash-style=gnu -m elf_x86_64 -export-dynamic -dynamic-linker /lib64/ld-linux-x86-64.so.2 -o cmTryCompileExec1670418316 /usr/lib/gcc/x86_64-redhat-linux/5.1.1/../../../../lib64/crt1.o /usr/lib/gcc/x86_64-redhat-linux/5.1.1/../../../../lib64/crti.o /usr/lib/gcc/x86_64-redhat-linux/5.1.1/crtbegin.o -L/usr/lib/gcc/x86_64-redhat-linux/5.1.1 -L/usr/lib/gcc/x86_64-redhat-linux/5.1.1/../../../../lib64 -L/lib/../lib64 -L/usr/lib/../lib64 -L/usr/lib/gcc/x86_64-redhat-linux/5.1.1/../../.. CMakeFiles/cmTryCompileExec1670418316.dir/CMakeCCompilerABI.c.o -lgcc --as-needed -lgcc_s --no-as-needed -lc -lgcc --as-needed -lgcc_s --no-as-needed /usr/lib/gcc/x86_64-redhat-linux/5.1.1/crtend.o /usr/lib/gcc/x86_64-redhat-linux/5.1.1/../../../../lib64/crtn.o
gmake[1]: Leaving directory '/home/stephanie/W&M/Fall 2015/CSCI 420/SumoSlammers/Sumo-Slammers/CMakeFiles/CMakeTmp'


Parsed C implicit link information from above output:
  link line regex: [^( *|.*[/\])(ld|([^/\]+-)?ld|collect2)[^/\]*( |$)]
  ignore line: [Change Dir: /home/stephanie/W&M/Fall 2015/CSCI 420/SumoSlammers/Sumo-Slammers/CMakeFiles/CMakeTmp]
  ignore line: []
  ignore line: [Run Build Command:"/usr/bin/gmake" "cmTryCompileExec1670418316/fast"]
  ignore line: [/usr/bin/gmake -f CMakeFiles/cmTryCompileExec1670418316.dir/build.make CMakeFiles/cmTryCompileExec1670418316.dir/build]
  ignore line: [gmake[1]: Entering directory '/home/stephanie/W&M/Fall 2015/CSCI 420/SumoSlammers/Sumo-Slammers/CMakeFiles/CMakeTmp']
  ignore line: [/usr/bin/cmake -E cmake_progress_report "/home/stephanie/W&M/Fall 2015/CSCI 420/SumoSlammers/Sumo-Slammers/CMakeFiles/CMakeTmp/CMakeFiles" 1]
  ignore line: [Building C object CMakeFiles/cmTryCompileExec1670418316.dir/CMakeCCompilerABI.c.o]
  ignore line: [/usr/bin/cc    -o CMakeFiles/cmTryCompileExec1670418316.dir/CMakeCCompilerABI.c.o   -c /usr/share/cmake/Modules/CMakeCCompilerABI.c]
  ignore line: [Linking C executable cmTryCompileExec1670418316]
  ignore line: [/usr/bin/cmake -E cmake_link_script CMakeFiles/cmTryCompileExec1670418316.dir/link.txt --verbose=1]
  ignore line: [/usr/bin/cc      -v CMakeFiles/cmTryCompileExec1670418316.dir/CMakeCCompilerABI.c.o  -o cmTryCompileExec1670418316 -rdynamic  ]
  ignore line: [Using built-in specs.]
  ignore line: [COLLECT_GCC=/usr/bin/cc]
  ignore line: [COLLECT_LTO_WRAPPER=/usr/libexec/gcc/x86_64-redhat-linux/5.1.1/lto-wrapper]
  ignore line: [Target: x86_64-redhat-linux]
  ignore line: [Configured with: ../configure --enable-bootstrap --enable-languages=c,c++,objc,obj-c++,fortran,ada,go,lto --prefix=/usr --mandir=/usr/share/man --infodir=/usr/share/info --with-bugurl=http://bugzilla.redhat.com/bugzilla --enable-shared --enable-threads=posix --enable-checking=release --enable-multilib --with-system-zlib --enable-__cxa_atexit --disable-libunwind-exceptions --enable-gnu-unique-object --enable-linker-build-id --with-linker-hash-style=gnu --enable-plugin --enable-initfini-array --disable-libgcj --with-default-libstdcxx-abi=c++98 --with-isl --enable-libmpx --enable-gnu-indirect-function --with-tune=generic --with-arch_32=i686 --build=x86_64-redhat-linux]
  ignore line: [Thread model: posix]
  ignore line: [gcc version 5.1.1 20150618 (Red Hat 5.1.1-4) (GCC) ]
  ignore line: [COMPILER_PATH=/usr/libexec/gcc/x86_64-redhat-linux/5.1.1/:/usr/libexec/gcc/x86_64-redhat-linux/5.1.1/:/usr/libexec/gcc/x86_64-redhat-linux/:/usr/lib/gcc/x86_64-redhat-linux/5.1.1/:/usr/lib/gcc/x86_64-redhat-linux/]
  ignore line: [LIBRARY_PATH=/usr/lib/gcc/x86_64-redhat-linux/5.1.1/:/usr/lib/gcc/x86_64-redhat-linux/5.1.1/../../../../lib64/:/lib/../lib64/:/usr/lib/../lib64/:/usr/lib/gcc/x86_64-redhat-linux/5.1.1/../../../:/lib/:/usr/lib/]
  ignore line: [COLLECT_GCC_OPTIONS='-v' '-o' 'cmTryCompileExec1670418316' '-rdynamic' '-mtune=generic' '-march=x86-64']
  link line: [ /usr/libexec/gcc/x86_64-redhat-linux/5.1.1/collect2 -plugin /usr/libexec/gcc/x86_64-redhat-linux/5.1.1/liblto_plugin.so -plugin-opt=/usr/libexec/gcc/x86_64-redhat-linux/5.1.1/lto-wrapper -plugin-opt=-fresolution=/tmp/ccK9zzvd.res -plugin-opt=-pass-through=-lgcc -plugin-opt=-pass-through=-lgcc_s -plugin-opt=-pass-through=-lc -plugin-opt=-pass-through=-lgcc -plugin-opt=-pass-through=-lgcc_s --build-id --no-add-needed --eh-frame-hdr --hash-style=gnu -m elf_x86_64 -export-dynamic -dynamic-linker /lib64/ld-linux-x86-64.so.2 -o cmTryCompileExec1670418316 /usr/lib/gcc/x86_64-redhat-linux/5.1.1/../../../../lib64/crt1.o /usr/lib/gcc/x86_64-redhat-linux/5.1.1/../../../../lib64/crti.o /usr/lib/gcc/x86_64-redhat-linux/5.1.1/crtbegin.o -L/usr/lib/gcc/x86_64-redhat-linux/5.1.1 -L/usr/lib/gcc/x86_64-redhat-linux/5.1.1/../../../../lib64 -L/lib/../lib64 -L/usr/lib/../lib64 -L/usr/lib/gcc/x86_64-redhat-linux/5.1.1/../../.. CMakeFiles/cmTryCompileExec1670418316.dir/CMakeCCompilerABI.c.o -lgcc --as-needed -lgcc_s --no-as-needed -lc -lgcc --as-needed -lgcc_s --no-as-needed /usr/lib/gcc/x86_64-redhat-linux/5.1.1/crtend.o /usr/lib/gcc/x86_64-redhat-linux/5.1.1/../../../../lib64/crtn.o]
    arg [/usr/libexec/gcc/x86_64-redhat-linux/5.1.1/collect2] ==> ignore
    arg [-plugin] ==> ignore
    arg [/usr/libexec/gcc/x86_64-redhat-linux/5.1.1/liblto_plugin.so] ==> ignore
    arg [-plugin-opt=/usr/libexec/gcc/x86_64-redhat-linux/5.1.1/lto-wrapper] ==> ignore
    arg [-plugin-opt=-fresolution=/tmp/ccK9zzvd.res] ==> ignore
    arg [-plugin-opt=-pass-through=-lgcc] ==> ignore
    arg [-plugin-opt=-pass-through=-lgcc_s] ==> ignore
    arg [-plugin-opt=-pass-through=-lc] ==> ignore
    arg [-plugin-opt=-pass-through=-lgcc] ==> ignore
    arg [-plugin-opt=-pass-through=-lgcc_s] ==> ignore
    arg [--build-id] ==> ignore
    arg [--no-add-needed] ==> ignore
    arg [--eh-frame-hdr] ==> ignore
    arg [--hash-style=gnu] ==> ignore
    arg [-m] ==> ignore
    arg [elf_x86_64] ==> ignore
    arg [-export-dynamic] ==> ignore
    arg [-dynamic-linker] ==> ignore
    arg [/lib64/ld-linux-x86-64.so.2] ==> ignore
    arg [-o] ==> ignore
    arg [cmTryCompileExec1670418316] ==> ignore
    arg [/usr/lib/gcc/x86_64-redhat-linux/5.1.1/../../../../lib64/crt1.o] ==> ignore
    arg [/usr/lib/gcc/x86_64-redhat-linux/5.1.1/../../../../lib64/crti.o] ==> ignore
    arg [/usr/lib/gcc/x86_64-redhat-linux/5.1.1/crtbegin.o] ==> ignore
    arg [-L/usr/lib/gcc/x86_64-redhat-linux/5.1.1] ==> dir [/usr/lib/gcc/x86_64-redhat-linux/5.1.1]
    arg [-L/usr/lib/gcc/x86_64-redhat-linux/5.1.1/../../../../lib64] ==> dir [/usr/lib/gcc/x86_64-redhat-linux/5.1.1/../../../../lib64]
    arg [-L/lib/../lib64] ==> dir [/lib/../lib64]
    arg [-L/usr/lib/../lib64] ==> dir [/usr/lib/../lib64]
    arg [-L/usr/lib/gcc/x86_64-redhat-linux/5.1.1/../../..] ==> dir [/usr/lib/gcc/x86_64-redhat-linux/5.1.1/../../..]
    arg [CMakeFiles/cmTryCompileExec1670418316.dir/CMakeCCompilerABI.c.o] ==> ignore
    arg [-lgcc] ==> lib [gcc]
    arg [--as-needed] ==> ignore
    arg [-lgcc_s] ==> lib [gcc_s]
    arg [--no-as-needed] ==> ignore
    arg [-lc] ==> lib [c]
    arg [-lgcc] ==> lib [gcc]
    arg [--as-needed] ==> ignore
    arg [-lgcc_s] ==> lib [gcc_s]
    arg [--no-as-needed] ==> ignore
    arg [/usr/lib/gcc/x86_64-redhat-linux/5.1.1/crtend.o] ==> ignore
    arg [/usr/lib/gcc/x86_64-redhat-linux/5.1.1/../../../../lib64/crtn.o] ==> ignore
  remove lib [gcc]
  remove lib [gcc_s]
  remove lib [gcc]
  remove lib [gcc_s]
  collapse library dir [/usr/lib/gcc/x86_64-redhat-linux/5.1.1] ==> [/usr/lib/gcc/x86_64-redhat-linux/5.1.1]
  collapse library dir [/usr/lib/gcc/x86_64-redhat-linux/5.1.1/../../../../lib64] ==> [/usr/lib64]
  collapse library dir [/lib/../lib64] ==> [/lib64]
  collapse library dir [/usr/lib/../lib64] ==> [/usr/lib64]
  collapse library dir [/usr/lib/gcc/x86_64-redhat-linux/5.1.1/../../..] ==> [/usr/lib]
  implicit libs: [c]
  implicit dirs: [/usr/lib/gcc/x86_64-redhat-linux/5.1.1;/usr/lib64;/lib64;/usr/lib]
  implicit fwks: []




Detecting C [-std=c11] compiler features compiled with the following output:
Change Dir: /home/stephanie/W&M/Fall 2015/CSCI 420/SumoSlammers/Sumo-Slammers/CMakeFiles/CMakeTmp

Run Build Command:"/usr/bin/gmake" "cmTryCompileExec558250333/fast"
/usr/bin/gmake -f CMakeFiles/cmTryCompileExec558250333.dir/build.make CMakeFiles/cmTryCompileExec558250333.dir/build
gmake[1]: Entering directory '/home/stephanie/W&M/Fall 2015/CSCI 420/SumoSlammers/Sumo-Slammers/CMakeFiles/CMakeTmp'
/usr/bin/cmake -E cmake_progress_report "/home/stephanie/W&M/Fall 2015/CSCI 420/SumoSlammers/Sumo-Slammers/CMakeFiles/CMakeTmp/CMakeFiles" 1
Building C object CMakeFiles/cmTryCompileExec558250333.dir/feature_tests.c.o
/usr/bin/cc   -std=c11 -o CMakeFiles/cmTryCompileExec558250333.dir/feature_tests.c.o   -c "/home/stephanie/W&M/Fall 2015/CSCI 420/SumoSlammers/Sumo-Slammers/CMakeFiles/feature_tests.c"
Linking C executable cmTryCompileExec558250333
/usr/bin/cmake -E cmake_link_script CMakeFiles/cmTryCompileExec558250333.dir/link.txt --verbose=1
/usr/bin/cc       CMakeFiles/cmTryCompileExec558250333.dir/feature_tests.c.o  -o cmTryCompileExec558250333 -rdynamic 
gmake[1]: Leaving directory '/home/stephanie/W&M/Fall 2015/CSCI 420/SumoSlammers/Sumo-Slammers/CMakeFiles/CMakeTmp'


    Feature record: C_FEATURE:1c_function_prototypes
    Feature record: C_FEATURE:1c_restrict
    Feature record: C_FEATURE:1c_static_assert
    Feature record: C_FEATURE:1c_variadic_macros


Detecting C [-std=c99] compiler features compiled with the following output:
Change Dir: /home/stephanie/W&M/Fall 2015/CSCI 420/SumoSlammers/Sumo-Slammers/CMakeFiles/CMakeTmp

Run Build Command:"/usr/bin/gmake" "cmTryCompileExec3225199327/fast"
/usr/bin/gmake -f CMakeFiles/cmTryCompileExec3225199327.dir/build.make CMakeFiles/cmTryCompileExec3225199327.dir/build
gmake[1]: Entering directory '/home/stephanie/W&M/Fall 2015/CSCI 420/SumoSlammers/Sumo-Slammers/CMakeFiles/CMakeTmp'
/usr/bin/cmake -E cmake_progress_report "/home/stephanie/W&M/Fall 2015/CSCI 420/SumoSlammers/Sumo-Slammers/CMakeFiles/CMakeTmp/CMakeFiles" 1
Building C object CMakeFiles/cmTryCompileExec3225199327.dir/feature_tests.c.o
/usr/bin/cc   -std=c99 -o CMakeFiles/cmTryCompileExec3225199327.dir/feature_tests.c.o   -c "/home/stephanie/W&M/Fall 2015/CSCI 420/SumoSlammers/Sumo-Slammers/CMakeFiles/feature_tests.c"
Linking C executable cmTryCompileExec3225199327
/usr/bin/cmake -E cmake_link_script CMakeFiles/cmTryCompileExec3225199327.dir/link.txt --verbose=1
/usr/bin/cc       CMakeFiles/cmTryCompileExec3225199327.dir/feature_tests.c.o  -o cmTryCompileExec3225199327 -rdynamic 
gmake[1]: Leaving directory '/home/stephanie/W&M/Fall 2015/CSCI 420/SumoSlammers/Sumo-Slammers/CMakeFiles/CMakeTmp'


    Feature record: C_FEATURE:1c_function_prototypes
    Feature record: C_FEATURE:1c_restrict
    Feature record: C_FEATURE:0c_static_assert
    Feature record: C_FEATURE:1c_variadic_macros


Detecting C [-std=c90] compiler features compiled with the following output:
Change Dir: /home/stephanie/W&M/Fall 2015/CSCI 420/SumoSlammers/Sumo-Slammers/CMakeFiles/CMakeTmp

Run Build Command:"/usr/bin/gmake" "cmTryCompileExec3829699197/fast"
/usr/bin/gmake -f CMakeFiles/cmTryCompileExec3829699197.dir/build.make CMakeFiles/cmTryCompileExec3829699197.dir/build
gmake[1]: Entering directory '/home/stephanie/W&M/Fall 2015/CSCI 420/SumoSlammers/Sumo-Slammers/CMakeFiles/CMakeTmp'
/usr/bin/cmake -E cmake_progress_report "/home/stephanie/W&M/Fall 2015/CSCI 420/SumoSlammers/Sumo-Slammers/CMakeFiles/CMakeTmp/CMakeFiles" 1
Building C object CMakeFiles/cmTryCompileExec3829699197.dir/feature_tests.c.o
/usr/bin/cc   -std=c90 -o CMakeFiles/cmTryCompileExec3829699197.dir/feature_tests.c.o   -c "/home/stephanie/W&M/Fall 2015/CSCI 420/SumoSlammers/Sumo-Slammers/CMakeFiles/feature_tests.c"
Linking C executable cmTryCompileExec3829699197
/usr/bin/cmake -E cmake_link_script CMakeFiles/cmTryCompileExec3829699197.dir/link.txt --verbose=1
/usr/bin/cc       CMakeFiles/cmTryCompileExec3829699197.dir/feature_tests.c.o  -o cmTryCompileExec3829699197 -rdynamic 
gmake[1]: Leaving directory '/home/stephanie/W&M/Fall 2015/CSCI 420/SumoSlammers/Sumo-Slammers/CMakeFiles/CMakeTmp'


    Feature record: C_FEATURE:1c_function_prototypes
    Feature record: C_FEATURE:0c_restrict
    Feature record: C_FEATURE:0c_static_assert
    Feature record: C_FEATURE:0c_variadic_macros
Determining if the CXX compiler works passed with the following output:
Change Dir: /home/stephanie/W&M/Fall 2015/CSCI 420/SumoSlammers/Sumo-Slammers/CMakeFiles/CMakeTmp

Run Build Command:"/usr/bin/gmake" "cmTryCompileExec2105480423/fast"
/usr/bin/gmake -f CMakeFiles/cmTryCompileExec2105480423.dir/build.make CMakeFiles/cmTryCompileExec2105480423.dir/build
gmake[1]: Entering directory '/home/stephanie/W&M/Fall 2015/CSCI 420/SumoSlammers/Sumo-Slammers/CMakeFiles/CMakeTmp'
/usr/bin/cmake -E cmake_progress_report "/home/stephanie/W&M/Fall 2015/CSCI 420/SumoSlammers/Sumo-Slammers/CMakeFiles/CMakeTmp/CMakeFiles" 1
Building CXX object CMakeFiles/cmTryCompileExec2105480423.dir/testCXXCompiler.cxx.o
/usr/bin/c++     -o CMakeFiles/cmTryCompileExec2105480423.dir/testCXXCompiler.cxx.o -c "/home/stephanie/W&M/Fall 2015/CSCI 420/SumoSlammers/Sumo-Slammers/CMakeFiles/CMakeTmp/testCXXCompiler.cxx"
Linking CXX executable cmTryCompileExec2105480423
/usr/bin/cmake -E cmake_link_script CMakeFiles/cmTryCompileExec2105480423.dir/link.txt --verbose=1
/usr/bin/c++        CMakeFiles/cmTryCompileExec2105480423.dir/testCXXCompiler.cxx.o  -o cmTryCompileExec2105480423 -rdynamic 
gmake[1]: Leaving directory '/home/stephanie/W&M/Fall 2015/CSCI 420/SumoSlammers/Sumo-Slammers/CMakeFiles/CMakeTmp'


Detecting CXX compiler ABI info compiled with the following output:
Change Dir: /home/stephanie/W&M/Fall 2015/CSCI 420/SumoSlammers/Sumo-Slammers/CMakeFiles/CMakeTmp

Run Build Command:"/usr/bin/gmake" "cmTryCompileExec258587093/fast"
/usr/bin/gmake -f CMakeFiles/cmTryCompileExec258587093.dir/build.make CMakeFiles/cmTryCompileExec258587093.dir/build
gmake[1]: Entering directory '/home/stephanie/W&M/Fall 2015/CSCI 420/SumoSlammers/Sumo-Slammers/CMakeFiles/CMakeTmp'
/usr/bin/cmake -E cmake_progress_report "/home/stephanie/W&M/Fall 2015/CSCI 420/SumoSlammers/Sumo-Slammers/CMakeFiles/CMakeTmp/CMakeFiles" 1
Building CXX object CMakeFiles/cmTryCompileExec258587093.dir/CMakeCXXCompilerABI.cpp.o
/usr/bin/c++     -o CMakeFiles/cmTryCompileExec258587093.dir/CMakeCXXCompilerABI.cpp.o -c /usr/share/cmake/Modules/CMakeCXXCompilerABI.cpp
Linking CXX executable cmTryCompileExec258587093
/usr/bin/cmake -E cmake_link_script CMakeFiles/cmTryCompileExec258587093.dir/link.txt --verbose=1
/usr/bin/c++       -v CMakeFiles/cmTryCompileExec258587093.dir/CMakeCXXCompilerABI.cpp.o  -o cmTryCompileExec258587093 -rdynamic  
Using built-in specs.
COLLECT_GCC=/usr/bin/c++
COLLECT_LTO_WRAPPER=/usr/libexec/gcc/x86_64-redhat-linux/5.1.1/lto-wrapper
Target: x86_64-redhat-linux
Configured with: ../configure --enable-bootstrap --enable-languages=c,c++,objc,obj-c++,fortran,ada,go,lto --prefix=/usr --mandir=/usr/share/man --infodir=/usr/share/info --with-bugurl=http://bugzilla.redhat.com/bugzilla --enable-shared --enable-threads=posix --enable-checking=release --enable-multilib --with-system-zlib --enable-__cxa_atexit --disable-libunwind-exceptions --enable-gnu-unique-object --enable-linker-build-id --with-linker-hash-style=gnu --enable-plugin --enable-initfini-array --disable-libgcj --with-default-libstdcxx-abi=c++98 --with-isl --enable-libmpx --enable-gnu-indirect-function --with-tune=generic --with-arch_32=i686 --build=x86_64-redhat-linux
Thread model: posix
gcc version 5.1.1 20150618 (Red Hat 5.1.1-4) (GCC) 
COMPILER_PATH=/usr/libexec/gcc/x86_64-redhat-linux/5.1.1/:/usr/libexec/gcc/x86_64-redhat-linux/5.1.1/:/usr/libexec/gcc/x86_64-redhat-linux/:/usr/lib/gcc/x86_64-redhat-linux/5.1.1/:/usr/lib/gcc/x86_64-redhat-linux/
LIBRARY_PATH=/usr/lib/gcc/x86_64-redhat-linux/5.1.1/:/usr/lib/gcc/x86_64-redhat-linux/5.1.1/../../../../lib64/:/lib/../lib64/:/usr/lib/../lib64/:/usr/lib/gcc/x86_64-redhat-linux/5.1.1/../../../:/lib/:/usr/lib/
COLLECT_GCC_OPTIONS='-v' '-o' 'cmTryCompileExec258587093' '-rdynamic' '-shared-libgcc' '-mtune=generic' '-march=x86-64'
 /usr/libexec/gcc/x86_64-redhat-linux/5.1.1/collect2 -plugin /usr/libexec/gcc/x86_64-redhat-linux/5.1.1/liblto_plugin.so -plugin-opt=/usr/libexec/gcc/x86_64-redhat-linux/5.1.1/lto-wrapper -plugin-opt=-fresolution=/tmp/ccYCBA9B.res -plugin-opt=-pass-through=-lgcc_s -plugin-opt=-pass-through=-lgcc -plugin-opt=-pass-through=-lc -plugin-opt=-pass-through=-lgcc_s -plugin-opt=-pass-through=-lgcc --build-id --no-add-needed --eh-frame-hdr --hash-style=gnu -m elf_x86_64 -export-dynamic -dynamic-linker /lib64/ld-linux-x86-64.so.2 -o cmTryCompileExec258587093 /usr/lib/gcc/x86_64-redhat-linux/5.1.1/../../../../lib64/crt1.o /usr/lib/gcc/x86_64-redhat-linux/5.1.1/../../../../lib64/crti.o /usr/lib/gcc/x86_64-redhat-linux/5.1.1/crtbegin.o -L/usr/lib/gcc/x86_64-redhat-linux/5.1.1 -L/usr/lib/gcc/x86_64-redhat-linux/5.1.1/../../../../lib64 -L/lib/../lib64 -L/usr/lib/../lib64 -L/usr/lib/gcc/x86_64-redhat-linux/5.1.1/../../.. CMakeFiles/cmTryCompileExec258587093.dir/CMakeCXXCompilerABI.cpp.o -lstdc++ -lm -lgcc_s -lgcc -lc -lgcc_s -lgcc /usr/lib/gcc/x86_64-redhat-linux/5.1.1/crtend.o /usr/lib/gcc/x86_64-redhat-linux/5.1.1/../../../../lib64/crtn.o
gmake[1]: Leaving directory '/home/stephanie/W&M/Fall 2015/CSCI 420/SumoSlammers/Sumo-Slammers/CMakeFiles/CMakeTmp'


Parsed CXX implicit link information from above output:
  link line regex: [^( *|.*[/\])(ld|([^/\]+-)?ld|collect2)[^/\]*( |$)]
  ignore line: [Change Dir: /home/stephanie/W&M/Fall 2015/CSCI 420/SumoSlammers/Sumo-Slammers/CMakeFiles/CMakeTmp]
  ignore line: []
  ignore line: [Run Build Command:"/usr/bin/gmake" "cmTryCompileExec258587093/fast"]
  ignore line: [/usr/bin/gmake -f CMakeFiles/cmTryCompileExec258587093.dir/build.make CMakeFiles/cmTryCompileExec258587093.dir/build]
  ignore line: [gmake[1]: Entering directory '/home/stephanie/W&M/Fall 2015/CSCI 420/SumoSlammers/Sumo-Slammers/CMakeFiles/CMakeTmp']
  ignore line: [/usr/bin/cmake -E cmake_progress_report "/home/stephanie/W&M/Fall 2015/CSCI 420/SumoSlammers/Sumo-Slammers/CMakeFiles/CMakeTmp/CMakeFiles" 1]
  ignore line: [Building CXX object CMakeFiles/cmTryCompileExec258587093.dir/CMakeCXXCompilerABI.cpp.o]
  ignore line: [/usr/bin/c++     -o CMakeFiles/cmTryCompileExec258587093.dir/CMakeCXXCompilerABI.cpp.o -c /usr/share/cmake/Modules/CMakeCXXCompilerABI.cpp]
  ignore line: [Linking CXX executable cmTryCompileExec258587093]
  ignore line: [/usr/bin/cmake -E cmake_link_script CMakeFiles/cmTryCompileExec258587093.dir/link.txt --verbose=1]
  ignore line: [/usr/bin/c++       -v CMakeFiles/cmTryCompileExec258587093.dir/CMakeCXXCompilerABI.cpp.o  -o cmTryCompileExec258587093 -rdynamic  ]
  ignore line: [Using built-in specs.]
  ignore line: [COLLECT_GCC=/usr/bin/c++]
  ignore line: [COLLECT_LTO_WRAPPER=/usr/libexec/gcc/x86_64-redhat-linux/5.1.1/lto-wrapper]
  ignore line: [Target: x86_64-redhat-linux]
  ignore line: [Configured with: ../configure --enable-bootstrap --enable-languages=c,c++,objc,obj-c++,fortran,ada,go,lto --prefix=/usr --mandir=/usr/share/man --infodir=/usr/share/info --with-bugurl=http://bugzilla.redhat.com/bugzilla --enable-shared --enable-threads=posix --enable-checking=release --enable-multilib --with-system-zlib --enable-__cxa_atexit --disable-libunwind-exceptions --enable-gnu-unique-object --enable-linker-build-id --with-linker-hash-style=gnu --enable-plugin --enable-initfini-array --disable-libgcj --with-default-libstdcxx-abi=c++98 --with-isl --enable-libmpx --enable-gnu-indirect-function --with-tune=generic --with-arch_32=i686 --build=x86_64-redhat-linux]
  ignore line: [Thread model: posix]
  ignore line: [gcc version 5.1.1 20150618 (Red Hat 5.1.1-4) (GCC) ]
  ignore line: [COMPILER_PATH=/usr/libexec/gcc/x86_64-redhat-linux/5.1.1/:/usr/libexec/gcc/x86_64-redhat-linux/5.1.1/:/usr/libexec/gcc/x86_64-redhat-linux/:/usr/lib/gcc/x86_64-redhat-linux/5.1.1/:/usr/lib/gcc/x86_64-redhat-linux/]
  ignore line: [LIBRARY_PATH=/usr/lib/gcc/x86_64-redhat-linux/5.1.1/:/usr/lib/gcc/x86_64-redhat-linux/5.1.1/../../../../lib64/:/lib/../lib64/:/usr/lib/../lib64/:/usr/lib/gcc/x86_64-redhat-linux/5.1.1/../../../:/lib/:/usr/lib/]
  ignore line: [COLLECT_GCC_OPTIONS='-v' '-o' 'cmTryCompileExec258587093' '-rdynamic' '-shared-libgcc' '-mtune=generic' '-march=x86-64']
  link line: [ /usr/libexec/gcc/x86_64-redhat-linux/5.1.1/collect2 -plugin /usr/libexec/gcc/x86_64-redhat-linux/5.1.1/liblto_plugin.so -plugin-opt=/usr/libexec/gcc/x86_64-redhat-linux/5.1.1/lto-wrapper -plugin-opt=-fresolution=/tmp/ccYCBA9B.res -plugin-opt=-pass-through=-lgcc_s -plugin-opt=-pass-through=-lgcc -plugin-opt=-pass-through=-lc -plugin-opt=-pass-through=-lgcc_s -plugin-opt=-pass-through=-lgcc --build-id --no-add-needed --eh-frame-hdr --hash-style=gnu -m elf_x86_64 -export-dynamic -dynamic-linker /lib64/ld-linux-x86-64.so.2 -o cmTryCompileExec258587093 /usr/lib/gcc/x86_64-redhat-linux/5.1.1/../../../../lib64/crt1.o /usr/lib/gcc/x86_64-redhat-linux/5.1.1/../../../../lib64/crti.o /usr/lib/gcc/x86_64-redhat-linux/5.1.1/crtbegin.o -L/usr/lib/gcc/x86_64-redhat-linux/5.1.1 -L/usr/lib/gcc/x86_64-redhat-linux/5.1.1/../../../../lib64 -L/lib/../lib64 -L/usr/lib/../lib64 -L/usr/lib/gcc/x86_64-redhat-linux/5.1.1/../../.. CMakeFiles/cmTryCompileExec258587093.dir/CMakeCXXCompilerABI.cpp.o -lstdc++ -lm -lgcc_s -lgcc -lc -lgcc_s -lgcc /usr/lib/gcc/x86_64-redhat-linux/5.1.1/crtend.o /usr/lib/gcc/x86_64-redhat-linux/5.1.1/../../../../lib64/crtn.o]
    arg [/usr/libexec/gcc/x86_64-redhat-linux/5.1.1/collect2] ==> ignore
    arg [-plugin] ==> ignore
    arg [/usr/libexec/gcc/x86_64-redhat-linux/5.1.1/liblto_plugin.so] ==> ignore
    arg [-plugin-opt=/usr/libexec/gcc/x86_64-redhat-linux/5.1.1/lto-wrapper] ==> ignore
    arg [-plugin-opt=-fresolution=/tmp/ccYCBA9B.res] ==> ignore
    arg [-plugin-opt=-pass-through=-lgcc_s] ==> ignore
    arg [-plugin-opt=-pass-through=-lgcc] ==> ignore
    arg [-plugin-opt=-pass-through=-lc] ==> ignore
    arg [-plugin-opt=-pass-through=-lgcc_s] ==> ignore
    arg [-plugin-opt=-pass-through=-lgcc] ==> ignore
    arg [--build-id] ==> ignore
    arg [--no-add-needed] ==> ignore
    arg [--eh-frame-hdr] ==> ignore
    arg [--hash-style=gnu] ==> ignore
    arg [-m] ==> ignore
    arg [elf_x86_64] ==> ignore
    arg [-export-dynamic] ==> ignore
    arg [-dynamic-linker] ==> ignore
    arg [/lib64/ld-linux-x86-64.so.2] ==> ignore
    arg [-o] ==> ignore
    arg [cmTryCompileExec258587093] ==> ignore
    arg [/usr/lib/gcc/x86_64-redhat-linux/5.1.1/../../../../lib64/crt1.o] ==> ignore
    arg [/usr/lib/gcc/x86_64-redhat-linux/5.1.1/../../../../lib64/crti.o] ==> ignore
    arg [/usr/lib/gcc/x86_64-redhat-linux/5.1.1/crtbegin.o] ==> ignore
    arg [-L/usr/lib/gcc/x86_64-redhat-linux/5.1.1] ==> dir [/usr/lib/gcc/x86_64-redhat-linux/5.1.1]
    arg [-L/usr/lib/gcc/x86_64-redhat-linux/5.1.1/../../../../lib64] ==> dir [/usr/lib/gcc/x86_64-redhat-linux/5.1.1/../../../../lib64]
    arg [-L/lib/../lib64] ==> dir [/lib/../lib64]
    arg [-L/usr/lib/../lib64] ==> dir [/usr/lib/../lib64]
    arg [-L/usr/lib/gcc/x86_64-redhat-linux/5.1.1/../../..] ==> dir [/usr/lib/gcc/x86_64-redhat-linux/5.1.1/../../..]
    arg [CMakeFiles/cmTryCompileExec258587093.dir/CMakeCXXCompilerABI.cpp.o] ==> ignore
    arg [-lstdc++] ==> lib [stdc++]
    arg [-lm] ==> lib [m]
    arg [-lgcc_s] ==> lib [gcc_s]
    arg [-lgcc] ==> lib [gcc]
    arg [-lc] ==> lib [c]
    arg [-lgcc_s] ==> lib [gcc_s]
    arg [-lgcc] ==> lib [gcc]
    arg [/usr/lib/gcc/x86_64-redhat-linux/5.1.1/crtend.o] ==> ignore
    arg [/usr/lib/gcc/x86_64-redhat-linux/5.1.1/../../../../lib64/crtn.o] ==> ignore
  remove lib [gcc_s]
  remove lib [gcc]
  remove lib [gcc_s]
  remove lib [gcc]
  collapse library dir [/usr/lib/gcc/x86_64-redhat-linux/5.1.1] ==> [/usr/lib/gcc/x86_64-redhat-linux/5.1.1]
  collapse library dir [/usr/lib/gcc/x86_64-redhat-linux/5.1.1/../../../../lib64] ==> [/usr/lib64]
  collapse library dir [/lib/../lib64] ==> [/lib64]
  collapse library dir [/usr/lib/../lib64] ==> [/usr/lib64]
  collapse library dir [/usr/lib/gcc/x86_64-redhat-linux/5.1.1/../../..] ==> [/usr/lib]
  implicit libs: [stdc++;m;c]
  implicit dirs: [/usr/lib/gcc/x86_64-redhat-linux/5.1.1;/usr/lib64;/lib64;/usr/lib]
  implicit fwks: []




Detecting CXX [-std=c++14] compiler features compiled with the following output:
Change Dir: /home/stephanie/W&M/Fall 2015/CSCI 420/SumoSlammers/Sumo-Slammers/CMakeFiles/CMakeTmp

Run Build Command:"/usr/bin/gmake" "cmTryCompileExec1863749509/fast"
/usr/bin/gmake -f CMakeFiles/cmTryCompileExec1863749509.dir/build.make CMakeFiles/cmTryCompileExec1863749509.dir/build
gmake[1]: Entering directory '/home/stephanie/W&M/Fall 2015/CSCI 420/SumoSlammers/Sumo-Slammers/CMakeFiles/CMakeTmp'
/usr/bin/cmake -E cmake_progress_report "/home/stephanie/W&M/Fall 2015/CSCI 420/SumoSlammers/Sumo-Slammers/CMakeFiles/CMakeTmp/CMakeFiles" 1
Building CXX object CMakeFiles/cmTryCompileExec1863749509.dir/feature_tests.cxx.o
/usr/bin/c++    -std=c++14 -o CMakeFiles/cmTryCompileExec1863749509.dir/feature_tests.cxx.o -c "/home/stephanie/W&M/Fall 2015/CSCI 420/SumoSlammers/Sumo-Slammers/CMakeFiles/feature_tests.cxx"
Linking CXX executable cmTryCompileExec1863749509
/usr/bin/cmake -E cmake_link_script CMakeFiles/cmTryCompileExec1863749509.dir/link.txt --verbose=1
/usr/bin/c++        CMakeFiles/cmTryCompileExec1863749509.dir/feature_tests.cxx.o  -o cmTryCompileExec1863749509 -rdynamic 
gmake[1]: Leaving directory '/home/stephanie/W&M/Fall 2015/CSCI 420/SumoSlammers/Sumo-Slammers/CMakeFiles/CMakeTmp'


    Feature record: CXX_FEATURE:1cxx_aggregate_default_initializers
    Feature record: CXX_FEATURE:1cxx_alias_templates
    Feature record: CXX_FEATURE:1cxx_alignas
    Feature record: CXX_FEATURE:1cxx_alignof
    Feature record: CXX_FEATURE:1cxx_attributes
    Feature record: CXX_FEATURE:1cxx_attribute_deprecated
    Feature record: CXX_FEATURE:1cxx_auto_type
    Feature record: CXX_FEATURE:1cxx_binary_literals
    Feature record: CXX_FEATURE:1cxx_constexpr
    Feature record: CXX_FEATURE:1cxx_contextual_conversions
    Feature record: CXX_FEATURE:1cxx_decltype
    Feature record: CXX_FEATURE:1cxx_decltype_auto
    Feature record: CXX_FEATURE:1cxx_decltype_incomplete_return_types
    Feature record: CXX_FEATURE:1cxx_default_function_template_args
    Feature record: CXX_FEATURE:1cxx_defaulted_functions
    Feature record: CXX_FEATURE:1cxx_defaulted_move_initializers
    Feature record: CXX_FEATURE:1cxx_delegating_constructors
    Feature record: CXX_FEATURE:1cxx_deleted_functions
    Feature record: CXX_FEATURE:1cxx_digit_separators
    Feature record: CXX_FEATURE:1cxx_enum_forward_declarations
    Feature record: CXX_FEATURE:1cxx_explicit_conversions
    Feature record: CXX_FEATURE:1cxx_extended_friend_declarations
    Feature record: CXX_FEATURE:1cxx_extern_templates
    Feature record: CXX_FEATURE:1cxx_final
    Feature record: CXX_FEATURE:1cxx_func_identifier
    Feature record: CXX_FEATURE:1cxx_generalized_initializers
    Feature record: CXX_FEATURE:1cxx_generic_lambdas
    Feature record: CXX_FEATURE:1cxx_inheriting_constructors
    Feature record: CXX_FEATURE:1cxx_inline_namespaces
    Feature record: CXX_FEATURE:1cxx_lambdas
    Feature record: CXX_FEATURE:1cxx_lambda_init_captures
    Feature record: CXX_FEATURE:1cxx_local_type_template_args
    Feature record: CXX_FEATURE:1cxx_long_long_type
    Feature record: CXX_FEATURE:1cxx_noexcept
    Feature record: CXX_FEATURE:1cxx_nonstatic_member_init
    Feature record: CXX_FEATURE:1cxx_nullptr
    Feature record: CXX_FEATURE:1cxx_override
    Feature record: CXX_FEATURE:1cxx_range_for
    Feature record: CXX_FEATURE:1cxx_raw_string_literals
    Feature record: CXX_FEATURE:1cxx_reference_qualified_functions
    Feature record: CXX_FEATURE:1cxx_relaxed_constexpr
    Feature record: CXX_FEATURE:1cxx_return_type_deduction
    Feature record: CXX_FEATURE:1cxx_right_angle_brackets
    Feature record: CXX_FEATURE:1cxx_rvalue_references
    Feature record: CXX_FEATURE:1cxx_sizeof_member
    Feature record: CXX_FEATURE:1cxx_static_assert
    Feature record: CXX_FEATURE:1cxx_strong_enums
    Feature record: CXX_FEATURE:1cxx_template_template_parameters
    Feature record: CXX_FEATURE:1cxx_thread_local
    Feature record: CXX_FEATURE:1cxx_trailing_return_types
    Feature record: CXX_FEATURE:1cxx_unicode_literals
    Feature record: CXX_FEATURE:1cxx_uniform_initialization
    Feature record: CXX_FEATURE:1cxx_unrestricted_unions
    Feature record: CXX_FEATURE:1cxx_user_literals
    Feature record: CXX_FEATURE:1cxx_variable_templates
    Feature record: CXX_FEATURE:1cxx_variadic_macros
    Feature record: CXX_FEATURE:1cxx_variadic_templates


Detecting CXX [-std=c++11] compiler features compiled with the following output:
Change Dir: /home/stephanie/W&M/Fall 2015/CSCI 420/SumoSlammers/Sumo-Slammers/CMakeFiles/CMakeTmp

Run Build Command:"/usr/bin/gmake" "cmTryCompileExec1577781434/fast"
/usr/bin/gmake -f CMakeFiles/cmTryCompileExec1577781434.dir/build.make CMakeFiles/cmTryCompileExec1577781434.dir/build
gmake[1]: Entering directory '/home/stephanie/W&M/Fall 2015/CSCI 420/SumoSlammers/Sumo-Slammers/CMakeFiles/CMakeTmp'
/usr/bin/cmake -E cmake_progress_report "/home/stephanie/W&M/Fall 2015/CSCI 420/SumoSlammers/Sumo-Slammers/CMakeFiles/CMakeTmp/CMakeFiles" 1
Building CXX object CMakeFiles/cmTryCompileExec1577781434.dir/feature_tests.cxx.o
/usr/bin/c++    -std=c++11 -o CMakeFiles/cmTryCompileExec1577781434.dir/feature_tests.cxx.o -c "/home/stephanie/W&M/Fall 2015/CSCI 420/SumoSlammers/Sumo-Slammers/CMakeFiles/feature_tests.cxx"
Linking CXX executable cmTryCompileExec1577781434
/usr/bin/cmake -E cmake_link_script CMakeFiles/cmTryCompileExec1577781434.dir/link.txt --verbose=1
/usr/bin/c++        CMakeFiles/cmTryCompileExec1577781434.dir/feature_tests.cxx.o  -o cmTryCompileExec1577781434 -rdynamic 
gmake[1]: Leaving directory '/home/stephanie/W&M/Fall 2015/CSCI 420/SumoSlammers/Sumo-Slammers/CMakeFiles/CMakeTmp'


    Feature record: CXX_FEATURE:0cxx_aggregate_default_initializers
    Feature record: CXX_FEATURE:1cxx_alias_templates
    Feature record: CXX_FEATURE:1cxx_alignas
    Feature record: CXX_FEATURE:1cxx_alignof
    Feature record: CXX_FEATURE:1cxx_attributes
    Feature record: CXX_FEATURE:0cxx_attribute_deprecated
    Feature record: CXX_FEATURE:1cxx_auto_type
    Feature record: CXX_FEATURE:0cxx_binary_literals
    Feature record: CXX_FEATURE:1cxx_constexpr
    Feature record: CXX_FEATURE:0cxx_contextual_conversions
    Feature record: CXX_FEATURE:1cxx_decltype
    Feature record: CXX_FEATURE:0cxx_decltype_auto
    Feature record: CXX_FEATURE:1cxx_decltype_incomplete_return_types
    Feature record: CXX_FEATURE:1cxx_default_function_template_args
    Feature record: CXX_FEATURE:1cxx_defaulted_functions
    Feature record: CXX_FEATURE:1cxx_defaulted_move_initializers
    Feature record: CXX_FEATURE:1cxx_delegating_constructors
    Feature record: CXX_FEATURE:1cxx_deleted_functions
    Feature record: CXX_FEATURE:0cxx_digit_separators
    Feature record: CXX_FEATURE:1cxx_enum_forward_declarations
    Feature record: CXX_FEATURE:1cxx_explicit_conversions
    Feature record: CXX_FEATURE:1cxx_extended_friend_declarations
    Feature record: CXX_FEATURE:1cxx_extern_templates
    Feature record: CXX_FEATURE:1cxx_final
    Feature record: CXX_FEATURE:1cxx_func_identifier
    Feature record: CXX_FEATURE:1cxx_generalized_initializers
    Feature record: CXX_FEATURE:0cxx_generic_lambdas
    Feature record: CXX_FEATURE:1cxx_inheriting_constructors
    Feature record: CXX_FEATURE:1cxx_inline_namespaces
    Feature record: CXX_FEATURE:1cxx_lambdas
    Feature record: CXX_FEATURE:0cxx_lambda_init_captures
    Feature record: CXX_FEATURE:1cxx_local_type_template_args
    Feature record: CXX_FEATURE:1cxx_long_long_type
    Feature record: CXX_FEATURE:1cxx_noexcept
    Feature record: CXX_FEATURE:1cxx_nonstatic_member_init
    Feature record: CXX_FEATURE:1cxx_nullptr
    Feature record: CXX_FEATURE:1cxx_override
    Feature record: CXX_FEATURE:1cxx_range_for
    Feature record: CXX_FEATURE:1cxx_raw_string_literals
    Feature record: CXX_FEATURE:1cxx_reference_qualified_functions
    Feature record: CXX_FEATURE:0cxx_relaxed_constexpr
    Feature record: CXX_FEATURE:0cxx_return_type_deduction
    Feature record: CXX_FEATURE:1cxx_right_angle_brackets
    Feature record: CXX_FEATURE:1cxx_rvalue_references
    Feature record: CXX_FEATURE:1cxx_sizeof_member
    Feature record: CXX_FEATURE:1cxx_static_assert
    Feature record: CXX_FEATURE:1cxx_strong_enums
    Feature record: CXX_FEATURE:1cxx_template_template_parameters
    Feature record: CXX_FEATURE:1cxx_thread_local
    Feature record: CXX_FEATURE:1cxx_trailing_return_types
    Feature record: CXX_FEATURE:1cxx_unicode_literals
    Feature record: CXX_FEATURE:1cxx_uniform_initialization
    Feature record: CXX_FEATURE:1cxx_unrestricted_unions
    Feature record: CXX_FEATURE:1cxx_user_literals
    Feature record: CXX_FEATURE:0cxx_variable_templates
    Feature record: CXX_FEATURE:1cxx_variadic_macros
    Feature record: CXX_FEATURE:1cxx_variadic_templates


Detecting CXX [-std=c++98] compiler features compiled with the following output:
Change Dir: /home/stephanie/W&M/Fall 2015/CSCI 420/SumoSlammers/Sumo-Slammers/CMakeFiles/CMakeTmp

Run Build Command:"/usr/bin/gmake" "cmTryCompileExec2199403334/fast"
/usr/bin/gmake -f CMakeFiles/cmTryCompileExec2199403334.dir/build.make CMakeFiles/cmTryCompileExec2199403334.dir/build
gmake[1]: Entering directory '/home/stephanie/W&M/Fall 2015/CSCI 420/SumoSlammers/Sumo-Slammers/CMakeFiles/CMakeTmp'
/usr/bin/cmake -E cmake_progress_report "/home/stephanie/W&M/Fall 2015/CSCI 420/SumoSlammers/Sumo-Slammers/CMakeFiles/CMakeTmp/CMakeFiles" 1
Building CXX object CMakeFiles/cmTryCompileExec2199403334.dir/feature_tests.cxx.o
/usr/bin/c++    -std=c++98 -o CMakeFiles/cmTryCompileExec2199403334.dir/feature_tests.cxx.o -c "/home/stephanie/W&M/Fall 2015/CSCI 420/SumoSlammers/Sumo-Slammers/CMakeFiles/feature_tests.cxx"
Linking CXX executable cmTryCompileExec2199403334
/usr/bin/cmake -E cmake_link_script CMakeFiles/cmTryCompileExec2199403334.dir/link.txt --verbose=1
/usr/bin/c++        CMakeFiles/cmTryCompileExec2199403334.dir/feature_tests.cxx.o  -o cmTryCompileExec2199403334 -rdynamic 
gmake[1]: Leaving directory '/home/stephanie/W&M/Fall 2015/CSCI 420/SumoSlammers/Sumo-Slammers/CMakeFiles/CMakeTmp'


    Feature record: CXX_FEATURE:0cxx_aggregate_default_initializers
    Feature record: CXX_FEATURE:0cxx_alias_templates
    Feature record: CXX_FEATURE:0cxx_alignas
    Feature record: CXX_FEATURE:0cxx_alignof
    Feature record: CXX_FEATURE:0cxx_attributes
    Feature record: CXX_FEATURE:0cxx_attribute_deprecated
    Feature record: CXX_FEATURE:0cxx_auto_type
    Feature record: CXX_FEATURE:0cxx_binary_literals
    Feature record: CXX_FEATURE:0cxx_constexpr
    Feature record: CXX_FEATURE:0cxx_contextual_conversions
    Feature record: CXX_FEATURE:0cxx_decltype
    Feature record: CXX_FEATURE:0cxx_decltype_auto
    Feature record: CXX_FEATURE:0cxx_decltype_incomplete_return_types
    Feature record: CXX_FEATURE:0cxx_default_function_template_args
    Feature record: CXX_FEATURE:0cxx_defaulted_functions
    Feature record: CXX_FEATURE:0cxx_defaulted_move_initializers
    Feature record: CXX_FEATURE:0cxx_delegating_constructors
    Feature record: CXX_FEATURE:0cxx_deleted_functions
    Feature record: CXX_FEATURE:0cxx_digit_separators
    Feature record: CXX_FEATURE:0cxx_enum_forward_declarations
    Feature record: CXX_FEATURE:0cxx_explicit_conversions
    Feature record: CXX_FEATURE:0cxx_extended_friend_declarations
    Feature record: CXX_FEATURE:0cxx_extern_templates
    Feature record: CXX_FEATURE:0cxx_final
    Feature record: CXX_FEATURE:0cxx_func_identifier
    Feature record: CXX_FEATURE:0cxx_generalized_initializers
    Feature record: CXX_FEATURE:0cxx_generic_lambdas
    Feature record: CXX_FEATURE:0cxx_inheriting_constructors
    Feature record: CXX_FEATURE:0cxx_inline_namespaces
    Feature record: CXX_FEATURE:0cxx_lambdas
    Feature record: CXX_FEATURE:0cxx_lambda_init_captures
    Feature record: CXX_FEATURE:0cxx_local_type_template_args
    Feature record: CXX_FEATURE:0cxx_long_long_type
    Feature record: CXX_FEATURE:0cxx_noexcept
    Feature record: CXX_FEATURE:0cxx_nonstatic_member_init
    Feature record: CXX_FEATURE:0cxx_nullptr
    Feature record: CXX_FEATURE:0cxx_override
    Feature record: CXX_FEATURE:0cxx_range_for
    Feature record: CXX_FEATURE:0cxx_raw_string_literals
    Feature record: CXX_FEATURE:0cxx_reference_qualified_functions
    Feature record: CXX_FEATURE:0cxx_relaxed_constexpr
    Feature record: CXX_FEATURE:0cxx_return_type_deduction
    Feature record: CXX_FEATURE:0cxx_right_angle_brackets
    Feature record: CXX_FEATURE:0cxx_rvalue_references
    Feature record: CXX_FEATURE:0cxx_sizeof_member
    Feature record: CXX_FEATURE:0cxx_static_assert
    Feature record: CXX_FEATURE:0cxx_strong_enums
    Feature record: CXX_FEATURE:1cxx_template_template_parameters
    Feature record: CXX_FEATURE:0cxx_thread_local
    Feature record: CXX_FEATURE:0cxx_trailing_return_types
    Feature record: CXX_FEATURE:0cxx_unicode_literals
    Feature record: CXX_FEATURE:0cxx_uniform_initialization
    Feature record: CXX_FEATURE:0cxx_unrestricted_unions
    Feature record: CXX_FEATURE:0cxx_user_literals
    Feature record: CXX_FEATURE:0cxx_variable_templates
    Feature record: CXX_FEATURE:0cxx_variadic_macros
    Feature record: CXX_FEATURE:0cxx_variadic_templates
